0 info it worked if it ends with ok
1 verbose cli [ '/usr/bin/node', '/usr/bin/npm', 'start' ]
2 info using npm@3.5.2
3 info using node@v8.10.0
4 verbose run-script [ 'prestart', 'start', 'poststart' ]
5 info lifecycle junc19server@1.0.0~prestart: junc19server@1.0.0
6 silly lifecycle junc19server@1.0.0~prestart: no script for prestart, continuing
7 info lifecycle junc19server@1.0.0~start: junc19server@1.0.0
8 verbose lifecycle junc19server@1.0.0~start: unsafe-perm in lifecycle true
9 verbose lifecycle junc19server@1.0.0~start: PATH: /usr/share/npm/bin/node-gyp-bin:/mnt/c/Users/oscar/junc19/server/node_modules/.bin:/home/orre/.nix-profile/bin:/home/orre/.local/bin:/usr/local/sbin:/usr/local/bin:/usr/sbin:/usr/bin:/sbin:/bin:/usr/games:/usr/local/games:/mnt/c/Program Files/WindowsApps/CanonicalGroupLimited.UbuntuonWindows_1804.2019.521.0_x64__79rhkp1fndgsc:/mnt/c/Program Files (x86)/NVIDIA Corporation/PhysX/Common:/mnt/c/PROGRA~2/Fiery/COMMAN~1/plugins:/mnt/c/PROGRA~2/COMMON~1/EFI:/mnt/c/ProgramData/Oracle/Java/javapath:/mnt/c/WINDOWS/system32:/mnt/c/WINDOWS:/mnt/c/WINDOWS/System32/Wbem:/mnt/c/WINDOWS/System32/WindowsPowerShell/v1.0/:/mnt/c/Strawberry/c/bin:/mnt/c/Strawberry/perl/site/bin:/mnt/c/Strawberry/perl/bin:/mnt/c/Program Files/PuTTY/:/mnt/c/Program Files (x86)/OpenSSH/bin:/mnt/c/Program Files (x86)/Bitvise SSH Client:/mnt/c/PROGRA~2/Fiery/COMMAN~1/FIERYC~1:/mnt/c/Program Files (x86)/Pandoc/:/mnt/c/WINDOWS/System32/OpenSSH/:/mnt/c/Program Files/Microsoft VS Code/bin:/mnt/c/Program Files/Intel/WiFi/bin/:/mnt/c/Program Files/Common Files/Intel/WirelessCommon/:/mnt/c/Program Files (x86)/Intel/Intel(R) Management Engine Components/DAL:/mnt/c/Program Files/Intel/Intel(R) Management Engine Components/DAL:/mnt/c/Users/oscar/AppData/Local/Programs/Python/Python36-32/Scripts/:/mnt/c/Users/oscar/AppData/Local/Programs/Python/Python36-32/:/mnt/c/Users/oscar/AppData/Local/Microsoft/WindowsApps:/mnt/c/Users/oscar/AppData/Local/atom/bin:/mnt/c/Users/oscar/AppData/Local/Programs/MiKTeX 2.9/miktex/bin/x64/:/mnt/c/Users/oscar/AppData/Local/CEF/atom/bin:/mnt/c/Program Files/Microsoft VS Code/bin:/mnt/c/Users/oscar/AppData/Local/Microsoft/WindowsApps:/mnt/c/Program Files (x86)/Nmap:/mnt/c/Program Files/Intel/WiFi/bin/:/mnt/c/Program Files/Common Files/Intel/WirelessCommon/:/snap/bin
10 verbose lifecycle junc19server@1.0.0~start: CWD: /mnt/c/Users/oscar/junc19/server
11 silly lifecycle junc19server@1.0.0~start: Args: [ '-c', 'ts-node Server.ts' ]
12 silly lifecycle junc19server@1.0.0~start: Returned: code: 1  signal: null
13 info lifecycle junc19server@1.0.0~start: Failed to exec start script
14 verbose stack Error: junc19server@1.0.0 start: `ts-node Server.ts`
14 verbose stack Exit status 1
14 verbose stack     at EventEmitter.<anonymous> (/usr/share/npm/lib/utils/lifecycle.js:232:16)
14 verbose stack     at emitTwo (events.js:126:13)
14 verbose stack     at EventEmitter.emit (events.js:214:7)
14 verbose stack     at ChildProcess.<anonymous> (/usr/share/npm/lib/utils/spawn.js:24:14)
14 verbose stack     at emitTwo (events.js:126:13)
14 verbose stack     at ChildProcess.emit (events.js:214:7)
14 verbose stack     at maybeClose (internal/child_process.js:925:16)
14 verbose stack     at Process.ChildProcess._handle.onexit (internal/child_process.js:209:5)
15 verbose pkgid junc19server@1.0.0
16 verbose cwd /mnt/c/Users/oscar/junc19/server
17 error Linux 4.4.0-18362-Microsoft
18 error argv "/usr/bin/node" "/usr/bin/npm" "start"
19 error node v8.10.0
20 error npm  v3.5.2
21 error code ELIFECYCLE
22 error junc19server@1.0.0 start: `ts-node Server.ts`
22 error Exit status 1
23 error Failed at the junc19server@1.0.0 start script 'ts-node Server.ts'.
23 error Make sure you have the latest version of node.js and npm installed.
23 error If you do, this is most likely a problem with the junc19server package,
23 error not with npm itself.
23 error Tell the author that this fails on your system:
23 error     ts-node Server.ts
23 error You can get information on how to open an issue for this project with:
23 error     npm bugs junc19server
23 error Or if that isn't available, you can get their info via:
23 error     npm owner ls junc19server
23 error There is likely additional logging output above.
24 verbose exit [ 1, true ]
